<?xml version="1.0" encoding="UTF-8"?>
<!-- Generated by org.testng.reporters.JUnitReportReporter -->
<testsuite hostname="ADFL-1119" failures="0" tests="1" name="RunnerClass.RunnerClass" time="0.104" errors="0" timestamp="2023-10-17T17:35:50 IST" skipped="0">
  <testcase classname="RunnerClass.RunnerClass" name="runScenario" time="0.104"/>
</testsuite> <!-- RunnerClass.RunnerClass -->
